This is pdfTeX, Version 3.141592653-2.6-1.40.29 (TeX Live 2026) (preloaded format=pdflatex 2026.4.29)  11 JUN 2026 09:13
entering extended mode
 restricted \write18 enabled.
 file:line:error style messages enabled.
 %&-line parsing enabled.
**d:/Codes/DAC2026/ICCAD2026/PPAPlace/ICCAD2026_Ruogu.tex
(d:/Codes/DAC2026/ICCAD2026/PPAPlace/ICCAD2026_Ruogu.tex
LaTeX2e <2025-11-01>
L3 programming layer <2026-03-20>

! LaTeX Error: File `acmart.cls' not found.

Type X to quit or <RETURN> to proceed,
or enter new name. (Default extension: cls)

Enter file name: 
d:/Codes/DAC2026/ICCAD2026/PPAPlace/ICCAD2026_Ruogu.tex:17: Emergency stop.
<read *> 
         
l.17 ^^M
        
*** (cannot \read from terminal in nonstop modes)

 
Here is how much of TeX's memory you used:
 24 strings out of 469339
 632 string characters out of 5464315
 434954 words of memory out of 5000000
 28952 multiletter control sequences out of 15000+600000
 627721 words of font info for 40 fonts, out of 8000000 for 9000
 14 hyphenation exceptions out of 8191
 19i,0n,29p,127b,17s stack positions out of 10000i,1000n,20000p,200000b,200000s
d:/Codes/DAC2026/ICCAD2026/PPAPlace/ICCAD2026_Ruogu.tex:17:  ==> Fatal error occurred, no output PDF file produced!
